<?xml version="1.0" encoding="UTF-8"?>
<!-- Generated by org.testng.reporters.JUnitXMLReporter -->
<testsuite hostname="LT-RSR28" name="Bugzila Suite" tests="2" failures="0" timestamp="3 Oct 2015 13:09:13 GMT" time="56.646" errors="0">
  <testcase name="@BeforeTest setUp" time="0.0" classname="testcases.module.incentiveprogm.TestActivityIncentiveTemplate">
    <failure type="org.openqa.selenium.TimeoutException" message="Timed out waiting for page load.
Command duration or timeout: 50.04 seconds
Build info: version: &amp;apos;2.47.1&amp;apos;, revision: &amp;apos;411b314&amp;apos;, time: &amp;apos;2015-07-30 03:03:16&amp;apos;
System info: host: &amp;apos;LT-RSR28&amp;apos;, ip: &amp;apos;10.61.16.18&amp;apos;, os.name: &amp;apos;Windows 8.1&amp;apos;, os.arch: &amp;apos;amd64&amp;apos;, os.version: &amp;apos;6.3&amp;apos;, java.version: &amp;apos;1.7.0_75&amp;apos;
Session ID: e5d041de-e595-479e-9ee7-c3ee5e2cbc36
Driver info: org.openqa.selenium.firefox.FirefoxDriver
Capabilities [{platform=WINDOWS, acceptSslCerts=true, javascriptEnabled=true, cssSelectorsEnabled=true, databaseEnabled=true, browserName=firefox, handlesAlerts=true, nativeEvents=false, webStorageEnabled=true, rotatable=false, locationContextEnabled=true, applicationCacheEnabled=true, takesScreenshot=true, version=41.0.1}]">
      <![CDATA[org.openqa.selenium.TimeoutException: Timed out waiting for page load.
Command duration or timeout: 50.04 seconds
Build info: version: '2.47.1', revision: '411b314', time: '2015-07-30 03:03:16'
System info: host: 'LT-RSR28', ip: '10.61.16.18', os.name: 'Windows 8.1', os.arch: 'amd64', os.version: '6.3', java.version: '1.7.0_75'
Session ID: e5d041de-e595-479e-9ee7-c3ee5e2cbc36
Driver info: org.openqa.selenium.firefox.FirefoxDriver
Capabilities [{platform=WINDOWS, acceptSslCerts=true, javascriptEnabled=true, cssSelectorsEnabled=true, databaseEnabled=true, browserName=firefox, handlesAlerts=true, nativeEvents=false, webStorageEnabled=true, rotatable=false, locationContextEnabled=true, applicationCacheEnabled=true, takesScreenshot=true, version=41.0.1}]
	at org.openqa.selenium.remote.ErrorHandler.createThrowable(ErrorHandler.java:206)
	at org.openqa.selenium.remote.ErrorHandler.throwIfResponseFailed(ErrorHandler.java:158)
	at org.openqa.selenium.remote.RemoteWebDriver.execute(RemoteWebDriver.java:595)
	at org.openqa.selenium.remote.RemoteWebDriver.get(RemoteWebDriver.java:306)
	at org.openqa.selenium.remote.RemoteWebDriver$RemoteNavigation.to(RemoteWebDriver.java:850)
	at componenthelper.NavigationHelper.navigateToWebsite(NavigationHelper.java:8)
	at baseclass.InitializeWebDriver.setUp(InitializeWebDriver.java:40)
Caused by: org.openqa.selenium.TimeoutException: Timed out waiting for page load.
Build info: version: '2.47.1', revision: '411b314', time: '2015-07-30 03:03:16'
System info: host: 'LT-RSR28', ip: '10.61.16.18', os.name: 'Windows 8.1', os.arch: 'amd64', os.version: '6.3', java.version: '1.7.0_75'
Driver info: driver.version: unknown
	at <anonymous class>.Utils.initWebLoadingListener/<(file:///C:/Users/rsr/AppData/Local/Temp/anonymous1111808509156303006webdriver-profile/extensions/fxdriver@googlecode.com/components/driver-component.js:8993)
	at <anonymous class>.WebLoadingListener/e(file:///C:/Users/rsr/AppData/Local/Temp/anonymous1111808509156303006webdriver-profile/extensions/fxdriver@googlecode.com/components/driver-component.js:5076)
	at <anonymous class>.WebLoadingListener/<(file:///C:/Users/rsr/AppData/Local/Temp/anonymous1111808509156303006webdriver-profile/extensions/fxdriver@googlecode.com/components/driver-component.js:5084)
	at <anonymous class>.fxdriver.Timer.prototype.setTimeout/<.notify(file:///C:/Users/rsr/AppData/Local/Temp/anonymous1111808509156303006webdriver-profile/extensions/fxdriver@googlecode.com/components/driver-component.js:623)
... Removed 26 stack frames]]>
    </failure>
  </testcase> <!-- @BeforeTest setUp -->
  <testcase name="TestColumnOptions" time="0.005" classname="testcases.module.incentiveprogm.TestIncentiveProgram">
    <skipped/>
  </testcase> <!-- TestColumnOptions -->
  <testcase name="TestActivityIncentiveTemp" time="0.001" classname="testcases.module.incentiveprogm.TestActivityIncentiveTemplate">
    <skipped/>
  </testcase> <!-- TestActivityIncentiveTemp -->
</testsuite> <!-- Bugzila Suite -->
