<?xml version="1.0" encoding="UTF-8"?>
<!-- Generated by org.testng.reporters.JUnitXMLReporter -->
<testsuite hostname="LT-RSR28" name="Bugzila Suite" tests="2" failures="2" timestamp="3 Oct 2015 13:04:59 GMT" time="187.887" errors="0">
  <testcase name="TestColumnOptions" time="90.451" classname="testcases.module.incentiveprogm.TestIncentiveProgram">
    <failure type="org.openqa.selenium.TimeoutException" message="timeout: Timed out receiving message from renderer: 31.080
  (Session info: chrome=45.0.2454.101)
  (Driver info: chromedriver=2.19.346078 (6f1f0cde889532d48ce8242342d0b84f94b114a1),platform=Windows NT 6.3 x86_64) (WARNING: The server did not provide any stacktrace information)
Command duration or timeout: 50.06 seconds
Build info: version: &amp;apos;2.47.1&amp;apos;, revision: &amp;apos;411b314&amp;apos;, time: &amp;apos;2015-07-30 03:03:16&amp;apos;
System info: host: &amp;apos;LT-RSR28&amp;apos;, ip: &amp;apos;10.61.16.18&amp;apos;, os.name: &amp;apos;Windows 8.1&amp;apos;, os.arch: &amp;apos;amd64&amp;apos;, os.version: &amp;apos;6.3&amp;apos;, java.version: &amp;apos;1.7.0_75&amp;apos;
Session ID: 98c362e66f33915e225defcd984d1086
Driver info: org.openqa.selenium.chrome.ChromeDriver
Capabilities [{platform=WIN8_1, acceptSslCerts=true, javascriptEnabled=true, browserName=chrome, chrome={userDataDir=C:\Users\rsr\AppData\Local\Temp\scoped_dir5900_22070}, rotatable=false, locationContextEnabled=true, mobileEmulationEnabled=false, version=45.0.2454.101, takesHeapSnapshot=true, cssSelectorsEnabled=true, databaseEnabled=false, handlesAlerts=true, browserConnectionEnabled=false, webStorageEnabled=true, nativeEvents=true, hasTouchScreen=false, applicationCacheEnabled=false, takesScreenshot=true}]">
      <![CDATA[org.openqa.selenium.TimeoutException: timeout: Timed out receiving message from renderer: 31.080
  (Session info: chrome=45.0.2454.101)
  (Driver info: chromedriver=2.19.346078 (6f1f0cde889532d48ce8242342d0b84f94b114a1),platform=Windows NT 6.3 x86_64) (WARNING: The server did not provide any stacktrace information)
Command duration or timeout: 50.06 seconds
Build info: version: '2.47.1', revision: '411b314', time: '2015-07-30 03:03:16'
System info: host: 'LT-RSR28', ip: '10.61.16.18', os.name: 'Windows 8.1', os.arch: 'amd64', os.version: '6.3', java.version: '1.7.0_75'
Session ID: 98c362e66f33915e225defcd984d1086
Driver info: org.openqa.selenium.chrome.ChromeDriver
Capabilities [{platform=WIN8_1, acceptSslCerts=true, javascriptEnabled=true, browserName=chrome, chrome={userDataDir=C:\Users\rsr\AppData\Local\Temp\scoped_dir5900_22070}, rotatable=false, locationContextEnabled=true, mobileEmulationEnabled=false, version=45.0.2454.101, takesHeapSnapshot=true, cssSelectorsEnabled=true, databaseEnabled=false, handlesAlerts=true, browserConnectionEnabled=false, webStorageEnabled=true, nativeEvents=true, hasTouchScreen=false, applicationCacheEnabled=false, takesScreenshot=true}]
	at org.openqa.selenium.remote.ErrorHandler.createThrowable(ErrorHandler.java:206)
	at org.openqa.selenium.remote.ErrorHandler.throwIfResponseFailed(ErrorHandler.java:158)
	at org.openqa.selenium.remote.RemoteWebDriver.execute(RemoteWebDriver.java:595)
	at org.openqa.selenium.remote.RemoteWebElement.execute(RemoteWebElement.java:273)
	at org.openqa.selenium.remote.RemoteWebElement.click(RemoteWebElement.java:84)
	at org.openqa.selenium.support.pagefactory.internal.LocatingElementHandler.invoke(LocatingElementHandler.java:51)
	at com.sun.proxy.$Proxy6.click(Unknown Source)
	at pageobjectmodel.LoginPage.LoginApplication(LoginPage.java:37)
	at testcases.module.incentiveprogm.TestIncentiveProgram.TestColumnOptions(TestIncentiveProgram.java:22)
... Removed 32 stack frames]]>
    </failure>
  </testcase> <!-- TestColumnOptions -->
  <testcase name="TestActivityIncentiveTemp" time="34.778" classname="testcases.module.incentiveprogm.TestActivityIncentiveTemplate">
    <failure type="java.lang.NullPointerException">
      <![CDATA[java.lang.NullPointerException
	at org.openqa.selenium.remote.RemoteWebElement.isDisplayed(RemoteWebElement.java:317)
	at org.openqa.selenium.support.ui.ExpectedConditions.elementIfVisible(ExpectedConditions.java:302)
	at org.openqa.selenium.support.ui.ExpectedConditions.access$1(ExpectedConditions.java:301)
	at org.openqa.selenium.support.ui.ExpectedConditions$10.apply(ExpectedConditions.java:288)
	at org.openqa.selenium.support.ui.ExpectedConditions$10.apply(ExpectedConditions.java:1)
	at org.openqa.selenium.support.ui.ExpectedConditions$23.apply(ExpectedConditions.java:690)
	at org.openqa.selenium.support.ui.ExpectedConditions$23.apply(ExpectedConditions.java:1)
	at org.openqa.selenium.support.ui.FluentWait.until(FluentWait.java:209)
	at componenthelper.GenericHelper.waitForElementClickAble(GenericHelper.java:82)
	at baseclass.BaseClass.Logout(BaseClass.java:13)
	at testcases.module.incentiveprogm.TestActivityIncentiveTemplate.TestActivityIncentiveTemp(TestActivityIncentiveTemplate.java:18)
... Removed 24 stack frames]]>
    </failure>
  </testcase> <!-- TestActivityIncentiveTemp -->
</testsuite> <!-- Bugzila Suite -->
